[0m[1mdata.aws_availability_zones.available: Reading...[0m[0m
[0m[1mmodule.management_ec2.data.aws_ec2_instance_type.this: Reading...[0m[0m
[0m[1mdata.aws_kms_key.ebs: Reading...[0m[0m
[0m[1mdata.aws_ami.amazon_linux_2: Reading...[0m[0m
[0m[1mmodule.management_ec2.data.aws_iam_policy.AmazonSSMManagedInstanceCore: Reading...[0m[0m
[0m[1maws_key_pair.management: Refreshing state... [id=management-key][0m
[0m[1maws_vpc.main: Refreshing state... [id=vpc-0f152a15d66a8b3cb][0m
[0m[1maws_eip.nat: Refreshing state... [id=eipalloc-01940ea77b347c407][0m
[0m[1mdata.aws_kms_key.ebs: Read complete after 0s [id=fd32d304-e84a-4e15-892a-dd272913fd3d][0m
[0m[1mmodule.management_ec2.data.aws_ec2_instance_type.this: Read complete after 0s [id=t3.micro][0m
[0m[1mdata.aws_availability_zones.available: Read complete after 0s [id=us-east-1][0m
[0m[1mdata.aws_ami.amazon_linux_2: Read complete after 0s [id=ami-0254b2d5c4c472488][0m
[0m[1maws_route_table.private: Refreshing state... [id=rtb-09fe0abd1d7cbc4f7][0m
[0m[1maws_internet_gateway.igw: Refreshing state... [id=igw-0a10d6b13170e2064][0m
[0m[1maws_subnet.backend: Refreshing state... [id=subnet-018b1093943dfb22f][0m
[0m[1maws_subnet.app[0]: Refreshing state... [id=subnet-01532d771600f03be][0m
[0m[1maws_security_group.alb_sg: Refreshing state... [id=sg-05305213b02905a77][0m
[0m[1maws_security_group.mgmt_sg: Refreshing state... [id=sg-09e7cf0c7b6b6eaa7][0m
[0m[1maws_subnet.management[1]: Refreshing state... [id=subnet-0430d910e7cecdaac][0m
[0m[1maws_lb_target_group.app_tg: Refreshing state... [id=arn:aws:elasticloadbalancing:us-east-1:980833626314:targetgroup/app-tg/69a3eb344cd06ed1][0m
[0m[1maws_subnet.management[0]: Refreshing state... [id=subnet-0372982cd211fc966][0m
[0m[1maws_subnet.app[1]: Refreshing state... [id=subnet-001500d0d37118071][0m
[0m[1mmodule.management_ec2.module.security_group[0].aws_security_group.this: Refreshing state... [id=sg-01ca1eb211d62e0de][0m
[0m[1maws_route_table.public: Refreshing state... [id=rtb-0a2ed8327137f4500][0m
[0m[1maws_vpc_endpoint.s3: Refreshing state... [id=vpce-089f1f349755915be][0m
[0m[1maws_security_group.app_sg: Refreshing state... [id=sg-09560f70abfae0311][0m
[0m[1maws_route_table_association.private["0"]: Refreshing state... [id=rtbassoc-03ea7ac7c7c406804][0m
[0m[1maws_route_table_association.private["1"]: Refreshing state... [id=rtbassoc-09239ec5e75f5f51f][0m
[0m[1maws_route_table_association.mgmt_assoc["0"]: Refreshing state... [id=rtbassoc-0b0f8431a116bd453][0m
[0m[1maws_route_table_association.mgmt_assoc["1"]: Refreshing state... [id=rtbassoc-0efb5d11d4b0a35c1][0m
[0m[1maws_nat_gateway.nat: Refreshing state... [id=nat-0dd2e546ab4c94cef][0m
[0m[1maws_lb.app_alb: Refreshing state... [id=arn:aws:elasticloadbalancing:us-east-1:980833626314:loadbalancer/app/app-alb/698d514dff10a48e][0m
[0m[1mmodule.management_ec2.aws_instance.this[0]: Refreshing state... [id=i-07db8cd0daa40ffc3][0m
[0m[1maws_launch_template.app_lt: Refreshing state... [id=lt-0d30fd6c89b01416c][0m
[0m[1maws_autoscaling_group.app_asg: Refreshing state... [id=app-asg][0m
[0m[1mmodule.management_ec2.data.aws_iam_policy.AmazonSSMManagedInstanceCore: Read complete after 1s [id=arn:aws:iam::aws:policy/AmazonSSMManagedInstanceCore][0m
[0m[1maws_lb_listener.http: Refreshing state... [id=arn:aws:elasticloadbalancing:us-east-1:980833626314:listener/app/app-alb/698d514dff10a48e/0a34daf86d87e39c][0m

Terraform used the selected providers to generate the following execution
plan. Resource actions are indicated with the following symbols:
  [31m-[0m destroy[0m

Terraform will perform the following actions:

[1m  # aws_autoscaling_group.app_asg[0m will be [1m[31mdestroyed[0m
[0m  [31m-[0m[0m resource "aws_autoscaling_group" "app_asg" {
      [31m-[0m[0m arn                              = "arn:aws:autoscaling:us-east-1:980833626314:autoScalingGroup:04eba744-ae6c-468b-9d9b-34b488603783:autoScalingGroupName/app-asg" [90m-> null[0m[0m
      [31m-[0m[0m availability_zones               = [
          [31m-[0m[0m "us-east-1a",
          [31m-[0m[0m "us-east-1b",
        ] [90m-> null[0m[0m
      [31m-[0m[0m capacity_rebalance               = false [90m-> null[0m[0m
      [31m-[0m[0m default_cooldown                 = 300 [90m-> null[0m[0m
      [31m-[0m[0m default_instance_warmup          = 0 [90m-> null[0m[0m
      [31m-[0m[0m desired_capacity                 = 2 [90m-> null[0m[0m
      [31m-[0m[0m enabled_metrics                  = [] [90m-> null[0m[0m
      [31m-[0m[0m force_delete                     = false [90m-> null[0m[0m
      [31m-[0m[0m force_delete_warm_pool           = false [90m-> null[0m[0m
      [31m-[0m[0m health_check_grace_period        = 120 [90m-> null[0m[0m
      [31m-[0m[0m health_check_type                = "EC2" [90m-> null[0m[0m
      [31m-[0m[0m id                               = "app-asg" [90m-> null[0m[0m
      [31m-[0m[0m ignore_failed_scaling_activities = false [90m-> null[0m[0m
      [31m-[0m[0m load_balancers                   = [] [90m-> null[0m[0m
      [31m-[0m[0m max_instance_lifetime            = 0 [90m-> null[0m[0m
      [31m-[0m[0m max_size                         = 6 [90m-> null[0m[0m
      [31m-[0m[0m metrics_granularity              = "1Minute" [90m-> null[0m[0m
      [31m-[0m[0m min_size                         = 2 [90m-> null[0m[0m
      [31m-[0m[0m name                             = "app-asg" [90m-> null[0m[0m
      [31m-[0m[0m predicted_capacity               = 0 [90m-> null[0m[0m
      [31m-[0m[0m protect_from_scale_in            = false [90m-> null[0m[0m
      [31m-[0m[0m service_linked_role_arn          = "arn:aws:iam::980833626314:role/aws-service-role/autoscaling.amazonaws.com/AWSServiceRoleForAutoScaling" [90m-> null[0m[0m
      [31m-[0m[0m suspended_processes              = [] [90m-> null[0m[0m
      [31m-[0m[0m target_group_arns                = [
          [31m-[0m[0m "arn:aws:elasticloadbalancing:us-east-1:980833626314:targetgroup/app-tg/69a3eb344cd06ed1",
        ] [90m-> null[0m[0m
      [31m-[0m[0m termination_policies             = [] [90m-> null[0m[0m
      [31m-[0m[0m vpc_zone_identifier              = [
          [31m-[0m[0m "subnet-001500d0d37118071",
          [31m-[0m[0m "subnet-01532d771600f03be",
        ] [90m-> null[0m[0m
      [31m-[0m[0m wait_for_capacity_timeout        = "10m" [90m-> null[0m[0m
      [31m-[0m[0m warm_pool_size                   = 0 [90m-> null[0m[0m
        [90m# (5 unchanged attributes hidden)[0m[0m

      [31m-[0m[0m availability_zone_distribution {
          [31m-[0m[0m capacity_distribution_strategy = "balanced-best-effort" [90m-> null[0m[0m
        }

      [31m-[0m[0m capacity_reservation_specification {
          [31m-[0m[0m capacity_reservation_preference = "default" [90m-> null[0m[0m
        }

      [31m-[0m[0m launch_template {
          [31m-[0m[0m id      = "lt-0d30fd6c89b01416c" [90m-> null[0m[0m
          [31m-[0m[0m name    = "app-lt-20250925200130285300000004" [90m-> null[0m[0m
          [31m-[0m[0m version = "$Latest" [90m-> null[0m[0m
        }

      [31m-[0m[0m tag {
          [31m-[0m[0m key                 = "Name" [90m-> null[0m[0m
          [31m-[0m[0m propagate_at_launch = true [90m-> null[0m[0m
          [31m-[0m[0m value               = "app-asg" [90m-> null[0m[0m
        }

      [31m-[0m[0m traffic_source {
          [31m-[0m[0m identifier = "arn:aws:elasticloadbalancing:us-east-1:980833626314:targetgroup/app-tg/69a3eb344cd06ed1" [90m-> null[0m[0m
          [31m-[0m[0m type       = "elbv2" [90m-> null[0m[0m
        }
    }

[1m  # aws_eip.nat[0m will be [1m[31mdestroyed[0m
[0m  [31m-[0m[0m resource "aws_eip" "nat" {
      [31m-[0m[0m allocation_id            = "eipalloc-01940ea77b347c407" [90m-> null[0m[0m
      [31m-[0m[0m arn                      = "arn:aws:ec2:us-east-1:980833626314:elastic-ip/eipalloc-01940ea77b347c407" [90m-> null[0m[0m
      [31m-[0m[0m association_id           = "eipassoc-042a03e3f2012f3a3" [90m-> null[0m[0m
      [31m-[0m[0m domain                   = "vpc" [90m-> null[0m[0m
      [31m-[0m[0m id                       = "eipalloc-01940ea77b347c407" [90m-> null[0m[0m
      [31m-[0m[0m network_border_group     = "us-east-1" [90m-> null[0m[0m
      [31m-[0m[0m network_interface        = "eni-090256dbafa339527" [90m-> null[0m[0m
      [31m-[0m[0m private_dns              = "ip-10-1-1-29.ec2.internal" [90m-> null[0m[0m
      [31m-[0m[0m private_ip               = "10.1.1.29" [90m-> null[0m[0m
      [31m-[0m[0m public_dns               = "ec2-98-88-138-139.compute-1.amazonaws.com" [90m-> null[0m[0m
      [31m-[0m[0m public_ip                = "98.88.138.139" [90m-> null[0m[0m
      [31m-[0m[0m public_ipv4_pool         = "amazon" [90m-> null[0m[0m
      [31m-[0m[0m tags                     = {
          [31m-[0m[0m "Name" = "nat-eip"
        } [90m-> null[0m[0m
      [31m-[0m[0m tags_all                 = {
          [31m-[0m[0m "Name" = "nat-eip"
        } [90m-> null[0m[0m
      [31m-[0m[0m vpc                      = true [90m-> null[0m[0m
        [90m# (5 unchanged attributes hidden)[0m[0m
    }

[1m  # aws_internet_gateway.igw[0m will be [1m[31mdestroyed[0m
[0m  [31m-[0m[0m resource "aws_internet_gateway" "igw" {
      [31m-[0m[0m arn      = "arn:aws:ec2:us-east-1:980833626314:internet-gateway/igw-0a10d6b13170e2064" [90m-> null[0m[0m
      [31m-[0m[0m id       = "igw-0a10d6b13170e2064" [90m-> null[0m[0m
      [31m-[0m[0m owner_id = "980833626314" [90m-> null[0m[0m
      [31m-[0m[0m tags     = {
          [31m-[0m[0m "Name" = "vpc-igw"
        } [90m-> null[0m[0m
      [31m-[0m[0m tags_all = {
          [31m-[0m[0m "Name" = "vpc-igw"
        } [90m-> null[0m[0m
      [31m-[0m[0m vpc_id   = "vpc-0f152a15d66a8b3cb" [90m-> null[0m[0m
    }

[1m  # aws_key_pair.management[0m will be [1m[31mdestroyed[0m
[0m  [31m-[0m[0m resource "aws_key_pair" "management" {
      [31m-[0m[0m arn             = "arn:aws:ec2:us-east-1:980833626314:key-pair/management-key" [90m-> null[0m[0m
      [31m-[0m[0m fingerprint     = "4a:2a:a3:aa:0f:13:45:37:0a:c9:03:14:f2:2a:20:af" [90m-> null[0m[0m
      [31m-[0m[0m id              = "management-key" [90m-> null[0m[0m
      [31m-[0m[0m key_name        = "management-key" [90m-> null[0m[0m
      [31m-[0m[0m key_pair_id     = "key-00b180bd6d482cce7" [90m-> null[0m[0m
      [31m-[0m[0m key_type        = "rsa" [90m-> null[0m[0m
      [31m-[0m[0m public_key      = "ssh-rsa AAAAB3NzaC1yc2EAAAADAQABAAACAQCxJFiE10M5qX0POs6i7e/HC9dOIf85eUhEJ4Xgu8l/F92x9D84Inz07zXgVXbfFnCqPdM9ARGMJoTWrKLsQKEYVfbLdQbO8YOKdHLjds4krRwutRmeQbZv+d3DTvt8oou54cTfp6TuaEnrLp204oq2DvNOX8A155zi8NHYkowXWzANjurrkTKXeEin6ESWIr4qEj3mlHcCKsX1M8AFVmGAEfbmeWQQeE0VtOdj4HNxbY94wWLk+bswvhSY07J84S0MWcMU0Taw6RTgg2nDyLpOSrbPyAcQfM6sMOJpdRHvC/bqxlbUD4mBcRg697B3o/xRVh7w+JwGX1rr75kLMb3xL78MPrKg2Y5x0QJuXCWbdKO5cb18HnfH1bvW1blqRydQc6xwIio5wroNDOcSfwMw1ckguz+nbFS9V+eORbPigs1t0te1nSgthh+p5rvJpkuXLGGcCVD6TQVx+ZF2uf42bX5Io6luOWJY6CIzepyqBWvAz33zfl6pwxd5hxYPp+v7eSjx7sRSInWrV2KqHJdCQtHEqV4iyR/iFlGShbq3/0BBArwa6MkcfM7k3/hYcEYFkl3HKgvDmDyOkiyIFNHJX9Qo2jBbCUKq8IL6BScVcesx7GPvwzl4QWzVtaMFQm7LQy7CW1mwfzXORdGKNWztthXms/bKMEPhUHWcpBZoAw== dusti@LAPTOP-63FI8EBU" [90m-> null[0m[0m
      [31m-[0m[0m tags            = {} [90m-> null[0m[0m
      [31m-[0m[0m tags_all        = {} [90m-> null[0m[0m
        [90m# (1 unchanged attribute hidden)[0m[0m
    }

[1m  # aws_launch_template.app_lt[0m will be [1m[31mdestroyed[0m
[0m  [31m-[0m[0m resource "aws_launch_template" "app_lt" {
      [31m-[0m[0m arn                                  = "arn:aws:ec2:us-east-1:980833626314:launch-template/lt-0d30fd6c89b01416c" [90m-> null[0m[0m
      [31m-[0m[0m default_version                      = 1 [90m-> null[0m[0m
      [31m-[0m[0m disable_api_stop                     = false [90m-> null[0m[0m
      [31m-[0m[0m disable_api_termination              = false [90m-> null[0m[0m
      [31m-[0m[0m id                                   = "lt-0d30fd6c89b01416c" [90m-> null[0m[0m
      [31m-[0m[0m image_id                             = "ami-0254b2d5c4c472488" [90m-> null[0m[0m
      [31m-[0m[0m instance_type                        = "t3.micro" [90m-> null[0m[0m
      [31m-[0m[0m key_name                             = "management-key" [90m-> null[0m[0m
      [31m-[0m[0m latest_version                       = 1 [90m-> null[0m[0m
      [31m-[0m[0m name                                 = "app-lt-20250925200130285300000004" [90m-> null[0m[0m
      [31m-[0m[0m name_prefix                          = "app-lt-" [90m-> null[0m[0m
      [31m-[0m[0m security_group_names                 = [] [90m-> null[0m[0m
      [31m-[0m[0m tags                                 = {} [90m-> null[0m[0m
      [31m-[0m[0m tags_all                             = {} [90m-> null[0m[0m
      [31m-[0m[0m user_data                            = "IyEvYmluL2Jhc2gKeXVtIHVwZGF0ZSAteQp5dW0gaW5zdGFsbCAteSBodHRwZApzeXN0ZW1jdGwgZW5hYmxlIGh0dHBkCnN5c3RlbWN0bCBzdGFydCBodHRwZAplY2hvICJIZWxsbyBmcm9tICQoaG9zdG5hbWUpIChpbnN0YW5jZS1pZDogJChjdXJsIC1zIGh0dHA6Ly8xNjkuMjU0LjE2OS4yNTQvbGF0ZXN0L21ldGEtZGF0YS9pbnN0YW5jZS1pZCkpIiA+IC92YXIvd3d3L2h0bWwvaW5kZXguaHRtbA==" [90m-> null[0m[0m
      [31m-[0m[0m vpc_security_group_ids               = [
          [31m-[0m[0m "sg-09560f70abfae0311",
        ] [90m-> null[0m[0m
        [90m# (5 unchanged attributes hidden)[0m[0m

      [31m-[0m[0m tag_specifications {
          [31m-[0m[0m resource_type = "instance" [90m-> null[0m[0m
          [31m-[0m[0m tags          = {
              [31m-[0m[0m "Name" = "app-server"
            } [90m-> null[0m[0m
        }
    }

[1m  # aws_lb.app_alb[0m will be [1m[31mdestroyed[0m
[0m  [31m-[0m[0m resource "aws_lb" "app_alb" {
      [31m-[0m[0m arn                                                          = "arn:aws:elasticloadbalancing:us-east-1:980833626314:loadbalancer/app/app-alb/698d514dff10a48e" [90m-> null[0m[0m
      [31m-[0m[0m arn_suffix                                                   = "app/app-alb/698d514dff10a48e" [90m-> null[0m[0m
      [31m-[0m[0m client_keep_alive                                            = 3600 [90m-> null[0m[0m
      [31m-[0m[0m desync_mitigation_mode                                       = "defensive" [90m-> null[0m[0m
      [31m-[0m[0m dns_name                                                     = "app-alb-2020208952.us-east-1.elb.amazonaws.com" [90m-> null[0m[0m
      [31m-[0m[0m drop_invalid_header_fields                                   = false [90m-> null[0m[0m
      [31m-[0m[0m enable_cross_zone_load_balancing                             = true [90m-> null[0m[0m
      [31m-[0m[0m enable_deletion_protection                                   = false [90m-> null[0m[0m
      [31m-[0m[0m enable_http2                                                 = true [90m-> null[0m[0m
      [31m-[0m[0m enable_tls_version_and_cipher_suite_headers                  = false [90m-> null[0m[0m
      [31m-[0m[0m enable_waf_fail_open                                         = false [90m-> null[0m[0m
      [31m-[0m[0m enable_xff_client_port                                       = false [90m-> null[0m[0m
      [31m-[0m[0m enable_zonal_shift                                           = false [90m-> null[0m[0m
      [31m-[0m[0m id                                                           = "arn:aws:elasticloadbalancing:us-east-1:980833626314:loadbalancer/app/app-alb/698d514dff10a48e" [90m-> null[0m[0m
      [31m-[0m[0m idle_timeout                                                 = 60 [90m-> null[0m[0m
      [31m-[0m[0m internal                                                     = false [90m-> null[0m[0m
      [31m-[0m[0m ip_address_type                                              = "ipv4" [90m-> null[0m[0m
      [31m-[0m[0m load_balancer_type                                           = "application" [90m-> null[0m[0m
      [31m-[0m[0m name                                                         = "app-alb" [90m-> null[0m[0m
      [31m-[0m[0m preserve_host_header                                         = false [90m-> null[0m[0m
      [31m-[0m[0m security_groups                                              = [
          [31m-[0m[0m "sg-05305213b02905a77",
        ] [90m-> null[0m[0m
      [31m-[0m[0m subnets                                                      = [
          [31m-[0m[0m "subnet-0372982cd211fc966",
          [31m-[0m[0m "subnet-0430d910e7cecdaac",
        ] [90m-> null[0m[0m
      [31m-[0m[0m tags                                                         = {
          [31m-[0m[0m "Name" = "app-alb"
        } [90m-> null[0m[0m
      [31m-[0m[0m tags_all                                                     = {
          [31m-[0m[0m "Name" = "app-alb"
        } [90m-> null[0m[0m
      [31m-[0m[0m vpc_id                                                       = "vpc-0f152a15d66a8b3cb" [90m-> null[0m[0m
      [31m-[0m[0m xff_header_processing_mode                                   = "append" [90m-> null[0m[0m
      [31m-[0m[0m zone_id                                                      = "Z35SXDOTRQ7X7K" [90m-> null[0m[0m
        [90m# (3 unchanged attributes hidden)[0m[0m

      [31m-[0m[0m access_logs {
          [31m-[0m[0m enabled = false [90m-> null[0m[0m
            [90m# (2 unchanged attributes hidden)[0m[0m
        }

      [31m-[0m[0m connection_logs {
          [31m-[0m[0m enabled = false [90m-> null[0m[0m
            [90m# (2 unchanged attributes hidden)[0m[0m
        }

      [31m-[0m[0m subnet_mapping {
          [31m-[0m[0m subnet_id            = "subnet-0372982cd211fc966" [90m-> null[0m[0m
            [90m# (4 unchanged attributes hidden)[0m[0m
        }
      [31m-[0m[0m subnet_mapping {
          [31m-[0m[0m subnet_id            = "subnet-0430d910e7cecdaac" [90m-> null[0m[0m
            [90m# (4 unchanged attributes hidden)[0m[0m
        }
    }

[1m  # aws_lb_listener.http[0m will be [1m[31mdestroyed[0m
[0m  [31m-[0m[0m resource "aws_lb_listener" "http" {
      [31m-[0m[0m arn                                                                 = "arn:aws:elasticloadbalancing:us-east-1:980833626314:listener/app/app-alb/698d514dff10a48e/0a34daf86d87e39c" [90m-> null[0m[0m
      [31m-[0m[0m id                                                                  = "arn:aws:elasticloadbalancing:us-east-1:980833626314:listener/app/app-alb/698d514dff10a48e/0a34daf86d87e39c" [90m-> null[0m[0m
      [31m-[0m[0m load_balancer_arn                                                   = "arn:aws:elasticloadbalancing:us-east-1:980833626314:loadbalancer/app/app-alb/698d514dff10a48e" [90m-> null[0m[0m
      [31m-[0m[0m port                                                                = 80 [90m-> null[0m[0m
      [31m-[0m[0m protocol                                                            = "HTTP" [90m-> null[0m[0m
      [31m-[0m[0m routing_http_response_server_enabled                                = true [90m-> null[0m[0m
      [31m-[0m[0m tags                                                                = {} [90m-> null[0m[0m
      [31m-[0m[0m tags_all                                                            = {} [90m-> null[0m[0m
        [90m# (11 unchanged attributes hidden)[0m[0m

      [31m-[0m[0m default_action {
          [31m-[0m[0m order            = 1 [90m-> null[0m[0m
          [31m-[0m[0m target_group_arn = "arn:aws:elasticloadbalancing:us-east-1:980833626314:targetgroup/app-tg/69a3eb344cd06ed1" [90m-> null[0m[0m
          [31m-[0m[0m type             = "forward" [90m-> null[0m[0m
        }
    }

[1m  # aws_lb_target_group.app_tg[0m will be [1m[31mdestroyed[0m
[0m  [31m-[0m[0m resource "aws_lb_target_group" "app_tg" {
      [31m-[0m[0m arn                                = "arn:aws:elasticloadbalancing:us-east-1:980833626314:targetgroup/app-tg/69a3eb344cd06ed1" [90m-> null[0m[0m
      [31m-[0m[0m arn_suffix                         = "targetgroup/app-tg/69a3eb344cd06ed1" [90m-> null[0m[0m
      [31m-[0m[0m deregistration_delay               = "300" [90m-> null[0m[0m
      [31m-[0m[0m id                                 = "arn:aws:elasticloadbalancing:us-east-1:980833626314:targetgroup/app-tg/69a3eb344cd06ed1" [90m-> null[0m[0m
      [31m-[0m[0m ip_address_type                    = "ipv4" [90m-> null[0m[0m
      [31m-[0m[0m lambda_multi_value_headers_enabled = false [90m-> null[0m[0m
      [31m-[0m[0m load_balancer_arns                 = [
          [31m-[0m[0m "arn:aws:elasticloadbalancing:us-east-1:980833626314:loadbalancer/app/app-alb/698d514dff10a48e",
        ] [90m-> null[0m[0m
      [31m-[0m[0m load_balancing_algorithm_type      = "round_robin" [90m-> null[0m[0m
      [31m-[0m[0m load_balancing_anomaly_mitigation  = "off" [90m-> null[0m[0m
      [31m-[0m[0m load_balancing_cross_zone_enabled  = "use_load_balancer_configuration" [90m-> null[0m[0m
      [31m-[0m[0m name                               = "app-tg" [90m-> null[0m[0m
      [31m-[0m[0m port                               = 80 [90m-> null[0m[0m
      [31m-[0m[0m protocol                           = "HTTP" [90m-> null[0m[0m
      [31m-[0m[0m protocol_version                   = "HTTP1" [90m-> null[0m[0m
      [31m-[0m[0m proxy_protocol_v2                  = false [90m-> null[0m[0m
      [31m-[0m[0m slow_start                         = 0 [90m-> null[0m[0m
      [31m-[0m[0m tags                               = {
          [31m-[0m[0m "Name" = "app-tg"
        } [90m-> null[0m[0m
      [31m-[0m[0m tags_all                           = {
          [31m-[0m[0m "Name" = "app-tg"
        } [90m-> null[0m[0m
      [31m-[0m[0m target_type                        = "instance" [90m-> null[0m[0m
      [31m-[0m[0m vpc_id                             = "vpc-0f152a15d66a8b3cb" [90m-> null[0m[0m
        [90m# (1 unchanged attribute hidden)[0m[0m

      [31m-[0m[0m health_check {
          [31m-[0m[0m enabled             = true [90m-> null[0m[0m
          [31m-[0m[0m healthy_threshold   = 2 [90m-> null[0m[0m
          [31m-[0m[0m interval            = 30 [90m-> null[0m[0m
          [31m-[0m[0m matcher             = "200" [90m-> null[0m[0m
          [31m-[0m[0m path                = "/" [90m-> null[0m[0m
          [31m-[0m[0m port                = "traffic-port" [90m-> null[0m[0m
          [31m-[0m[0m protocol            = "HTTP" [90m-> null[0m[0m
          [31m-[0m[0m timeout             = 5 [90m-> null[0m[0m
          [31m-[0m[0m unhealthy_threshold = 2 [90m-> null[0m[0m
        }

      [31m-[0m[0m stickiness {
          [31m-[0m[0m cookie_duration = 86400 [90m-> null[0m[0m
          [31m-[0m[0m enabled         = false [90m-> null[0m[0m
          [31m-[0m[0m type            = "lb_cookie" [90m-> null[0m[0m
            [90m# (1 unchanged attribute hidden)[0m[0m
        }

      [31m-[0m[0m target_failover {}

      [31m-[0m[0m target_group_health {
          [31m-[0m[0m dns_failover {
              [31m-[0m[0m minimum_healthy_targets_count      = "1" [90m-> null[0m[0m
              [31m-[0m[0m minimum_healthy_targets_percentage = "off" [90m-> null[0m[0m
            }
          [31m-[0m[0m unhealthy_state_routing {
              [31m-[0m[0m minimum_healthy_targets_count      = 1 [90m-> null[0m[0m
              [31m-[0m[0m minimum_healthy_targets_percentage = "off" [90m-> null[0m[0m
            }
        }

      [31m-[0m[0m target_health_state {}
    }

[1m  # aws_nat_gateway.nat[0m will be [1m[31mdestroyed[0m
[0m  [31m-[0m[0m resource "aws_nat_gateway" "nat" {
      [31m-[0m[0m allocation_id                      = "eipalloc-01940ea77b347c407" [90m-> null[0m[0m
      [31m-[0m[0m association_id                     = "eipassoc-042a03e3f2012f3a3" [90m-> null[0m[0m
      [31m-[0m[0m connectivity_type                  = "public" [90m-> null[0m[0m
      [31m-[0m[0m id                                 = "nat-0dd2e546ab4c94cef" [90m-> null[0m[0m
      [31m-[0m[0m network_interface_id               = "eni-090256dbafa339527" [90m-> null[0m[0m
      [31m-[0m[0m private_ip                         = "10.1.1.29" [90m-> null[0m[0m
      [31m-[0m[0m public_ip                          = "98.88.138.139" [90m-> null[0m[0m
      [31m-[0m[0m secondary_allocation_ids           = [] [90m-> null[0m[0m
      [31m-[0m[0m secondary_private_ip_address_count = 0 [90m-> null[0m[0m
      [31m-[0m[0m secondary_private_ip_addresses     = [] [90m-> null[0m[0m
      [31m-[0m[0m subnet_id                          = "subnet-0372982cd211fc966" [90m-> null[0m[0m
      [31m-[0m[0m tags                               = {
          [31m-[0m[0m "Name" = "nat-gateway"
        } [90m-> null[0m[0m
      [31m-[0m[0m tags_all                           = {
          [31m-[0m[0m "Name" = "nat-gateway"
        } [90m-> null[0m[0m
    }

[1m  # aws_route_table.private[0m will be [1m[31mdestroyed[0m
[0m  [31m-[0m[0m resource "aws_route_table" "private" {
      [31m-[0m[0m arn              = "arn:aws:ec2:us-east-1:980833626314:route-table/rtb-09fe0abd1d7cbc4f7" [90m-> null[0m[0m
      [31m-[0m[0m id               = "rtb-09fe0abd1d7cbc4f7" [90m-> null[0m[0m
      [31m-[0m[0m owner_id         = "980833626314" [90m-> null[0m[0m
      [31m-[0m[0m propagating_vgws = [] [90m-> null[0m[0m
      [31m-[0m[0m route            = [] [90m-> null[0m[0m
      [31m-[0m[0m tags             = {
          [31m-[0m[0m "Name" = "private-rt"
        } [90m-> null[0m[0m
      [31m-[0m[0m tags_all         = {
          [31m-[0m[0m "Name" = "private-rt"
        } [90m-> null[0m[0m
      [31m-[0m[0m vpc_id           = "vpc-0f152a15d66a8b3cb" [90m-> null[0m[0m
    }

[1m  # aws_route_table.public[0m will be [1m[31mdestroyed[0m
[0m  [31m-[0m[0m resource "aws_route_table" "public" {
      [31m-[0m[0m arn              = "arn:aws:ec2:us-east-1:980833626314:route-table/rtb-0a2ed8327137f4500" [90m-> null[0m[0m
      [31m-[0m[0m id               = "rtb-0a2ed8327137f4500" [90m-> null[0m[0m
      [31m-[0m[0m owner_id         = "980833626314" [90m-> null[0m[0m
      [31m-[0m[0m propagating_vgws = [] [90m-> null[0m[0m
      [31m-[0m[0m route            = [
          [31m-[0m[0m {
              [31m-[0m[0m cidr_block                 = "0.0.0.0/0"
              [31m-[0m[0m gateway_id                 = "igw-0a10d6b13170e2064"
                [90m# (11 unchanged attributes hidden)[0m[0m
            },
        ] [90m-> null[0m[0m
      [31m-[0m[0m tags             = {
          [31m-[0m[0m "Name" = "public-rt"
        } [90m-> null[0m[0m
      [31m-[0m[0m tags_all         = {
          [31m-[0m[0m "Name" = "public-rt"
        } [90m-> null[0m[0m
      [31m-[0m[0m vpc_id           = "vpc-0f152a15d66a8b3cb" [90m-> null[0m[0m
    }

[1m  # aws_route_table_association.mgmt_assoc["0"][0m will be [1m[31mdestroyed[0m
[0m  [31m-[0m[0m resource "aws_route_table_association" "mgmt_assoc" {
      [31m-[0m[0m id             = "rtbassoc-0b0f8431a116bd453" [90m-> null[0m[0m
      [31m-[0m[0m route_table_id = "rtb-0a2ed8327137f4500" [90m-> null[0m[0m
      [31m-[0m[0m subnet_id      = "subnet-0372982cd211fc966" [90m-> null[0m[0m
        [90m# (1 unchanged attribute hidden)[0m[0m
    }

[1m  # aws_route_table_association.mgmt_assoc["1"][0m will be [1m[31mdestroyed[0m
[0m  [31m-[0m[0m resource "aws_route_table_association" "mgmt_assoc" {
      [31m-[0m[0m id             = "rtbassoc-0efb5d11d4b0a35c1" [90m-> null[0m[0m
      [31m-[0m[0m route_table_id = "rtb-0a2ed8327137f4500" [90m-> null[0m[0m
      [31m-[0m[0m subnet_id      = "subnet-0430d910e7cecdaac" [90m-> null[0m[0m
        [90m# (1 unchanged attribute hidden)[0m[0m
    }

[1m  # aws_route_table_association.private["0"][0m will be [1m[31mdestroyed[0m
[0m  [31m-[0m[0m resource "aws_route_table_association" "private" {
      [31m-[0m[0m id             = "rtbassoc-03ea7ac7c7c406804" [90m-> null[0m[0m
      [31m-[0m[0m route_table_id = "rtb-09fe0abd1d7cbc4f7" [90m-> null[0m[0m
      [31m-[0m[0m subnet_id      = "subnet-01532d771600f03be" [90m-> null[0m[0m
        [90m# (1 unchanged attribute hidden)[0m[0m
    }

[1m  # aws_route_table_association.private["1"][0m will be [1m[31mdestroyed[0m
[0m  [31m-[0m[0m resource "aws_route_table_association" "private" {
      [31m-[0m[0m id             = "rtbassoc-09239ec5e75f5f51f" [90m-> null[0m[0m
      [31m-[0m[0m route_table_id = "rtb-09fe0abd1d7cbc4f7" [90m-> null[0m[0m
      [31m-[0m[0m subnet_id      = "subnet-001500d0d37118071" [90m-> null[0m[0m
        [90m# (1 unchanged attribute hidden)[0m[0m
    }

[1m  # aws_security_group.alb_sg[0m will be [1m[31mdestroyed[0m
[0m  [31m-[0m[0m resource "aws_security_group" "alb_sg" {
      [31m-[0m[0m arn                    = "arn:aws:ec2:us-east-1:980833626314:security-group/sg-05305213b02905a77" [90m-> null[0m[0m
      [31m-[0m[0m description            = "Allow HTTP from Internet to ALB" [90m-> null[0m[0m
      [31m-[0m[0m egress                 = [
          [31m-[0m[0m {
              [31m-[0m[0m cidr_blocks      = [
                  [31m-[0m[0m "0.0.0.0/0",
                ]
              [31m-[0m[0m from_port        = 0
              [31m-[0m[0m ipv6_cidr_blocks = []
              [31m-[0m[0m prefix_list_ids  = []
              [31m-[0m[0m protocol         = "-1"
              [31m-[0m[0m security_groups  = []
              [31m-[0m[0m self             = false
              [31m-[0m[0m to_port          = 0
                [90m# (1 unchanged attribute hidden)[0m[0m
            },
        ] [90m-> null[0m[0m
      [31m-[0m[0m id                     = "sg-05305213b02905a77" [90m-> null[0m[0m
      [31m-[0m[0m ingress                = [
          [31m-[0m[0m {
              [31m-[0m[0m cidr_blocks      = [
                  [31m-[0m[0m "0.0.0.0/0",
                ]
              [31m-[0m[0m description      = "HTTP from Internet"
              [31m-[0m[0m from_port        = 80
              [31m-[0m[0m ipv6_cidr_blocks = []
              [31m-[0m[0m prefix_list_ids  = []
              [31m-[0m[0m protocol         = "tcp"
              [31m-[0m[0m security_groups  = []
              [31m-[0m[0m self             = false
              [31m-[0m[0m to_port          = 80
            },
        ] [90m-> null[0m[0m
      [31m-[0m[0m name                   = "alb-sg" [90m-> null[0m[0m
      [31m-[0m[0m owner_id               = "980833626314" [90m-> null[0m[0m
      [31m-[0m[0m revoke_rules_on_delete = false [90m-> null[0m[0m
      [31m-[0m[0m tags                   = {
          [31m-[0m[0m "Name" = "alb-sg"
        } [90m-> null[0m[0m
      [31m-[0m[0m tags_all               = {
          [31m-[0m[0m "Name" = "alb-sg"
        } [90m-> null[0m[0m
      [31m-[0m[0m vpc_id                 = "vpc-0f152a15d66a8b3cb" [90m-> null[0m[0m
        [90m# (1 unchanged attribute hidden)[0m[0m
    }

[1m  # aws_security_group.app_sg[0m will be [1m[31mdestroyed[0m
[0m  [31m-[0m[0m resource "aws_security_group" "app_sg" {
      [31m-[0m[0m arn                    = "arn:aws:ec2:us-east-1:980833626314:security-group/sg-09560f70abfae0311" [90m-> null[0m[0m
      [31m-[0m[0m description            = "Allow HTTP from ALB and SSH from management instance" [90m-> null[0m[0m
      [31m-[0m[0m egress                 = [
          [31m-[0m[0m {
              [31m-[0m[0m cidr_blocks      = [
                  [31m-[0m[0m "0.0.0.0/0",
                ]
              [31m-[0m[0m from_port        = 0
              [31m-[0m[0m ipv6_cidr_blocks = []
              [31m-[0m[0m prefix_list_ids  = []
              [31m-[0m[0m protocol         = "-1"
              [31m-[0m[0m security_groups  = []
              [31m-[0m[0m self             = false
              [31m-[0m[0m to_port          = 0
                [90m# (1 unchanged attribute hidden)[0m[0m
            },
        ] [90m-> null[0m[0m
      [31m-[0m[0m id                     = "sg-09560f70abfae0311" [90m-> null[0m[0m
      [31m-[0m[0m ingress                = [
          [31m-[0m[0m {
              [31m-[0m[0m cidr_blocks      = []
              [31m-[0m[0m description      = "HTTP from ALB"
              [31m-[0m[0m from_port        = 80
              [31m-[0m[0m ipv6_cidr_blocks = []
              [31m-[0m[0m prefix_list_ids  = []
              [31m-[0m[0m protocol         = "tcp"
              [31m-[0m[0m security_groups  = [
                  [31m-[0m[0m "sg-05305213b02905a77",
                ]
              [31m-[0m[0m self             = false
              [31m-[0m[0m to_port          = 80
            },
          [31m-[0m[0m {
              [31m-[0m[0m cidr_blocks      = []
              [31m-[0m[0m description      = "SSH from management instance"
              [31m-[0m[0m from_port        = 22
              [31m-[0m[0m ipv6_cidr_blocks = []
              [31m-[0m[0m prefix_list_ids  = []
              [31m-[0m[0m protocol         = "tcp"
              [31m-[0m[0m security_groups  = [
                  [31m-[0m[0m "sg-09e7cf0c7b6b6eaa7",
                ]
              [31m-[0m[0m self             = false
              [31m-[0m[0m to_port          = 22
            },
        ] [90m-> null[0m[0m
      [31m-[0m[0m name                   = "app-sg" [90m-> null[0m[0m
      [31m-[0m[0m owner_id               = "980833626314" [90m-> null[0m[0m
      [31m-[0m[0m revoke_rules_on_delete = false [90m-> null[0m[0m
      [31m-[0m[0m tags                   = {
          [31m-[0m[0m "Name" = "app-sg"
        } [90m-> null[0m[0m
      [31m-[0m[0m tags_all               = {
          [31m-[0m[0m "Name" = "app-sg"
        } [90m-> null[0m[0m
      [31m-[0m[0m vpc_id                 = "vpc-0f152a15d66a8b3cb" [90m-> null[0m[0m
        [90m# (1 unchanged attribute hidden)[0m[0m
    }

[1m  # aws_security_group.mgmt_sg[0m will be [1m[31mdestroyed[0m
[0m  [31m-[0m[0m resource "aws_security_group" "mgmt_sg" {
      [31m-[0m[0m arn                    = "arn:aws:ec2:us-east-1:980833626314:security-group/sg-09e7cf0c7b6b6eaa7" [90m-> null[0m[0m
      [31m-[0m[0m description            = "Allow SSH from allowed_mgmt_ip to management instance" [90m-> null[0m[0m
      [31m-[0m[0m egress                 = [
          [31m-[0m[0m {
              [31m-[0m[0m cidr_blocks      = [
                  [31m-[0m[0m "0.0.0.0/0",
                ]
              [31m-[0m[0m description      = "Allow all outbound"
              [31m-[0m[0m from_port        = 0
              [31m-[0m[0m ipv6_cidr_blocks = []
              [31m-[0m[0m prefix_list_ids  = []
              [31m-[0m[0m protocol         = "-1"
              [31m-[0m[0m security_groups  = []
              [31m-[0m[0m self             = false
              [31m-[0m[0m to_port          = 0
            },
        ] [90m-> null[0m[0m
      [31m-[0m[0m id                     = "sg-09e7cf0c7b6b6eaa7" [90m-> null[0m[0m
      [31m-[0m[0m ingress                = [
          [31m-[0m[0m {
              [31m-[0m[0m cidr_blocks      = [
                  [31m-[0m[0m "/32",
                ]
              [31m-[0m[0m description      = "SSH from admin IP"
              [31m-[0m[0m from_port        = 22
              [31m-[0m[0m ipv6_cidr_blocks = []
              [31m-[0m[0m prefix_list_ids  = []
              [31m-[0m[0m protocol         = "tcp"
              [31m-[0m[0m security_groups  = []
              [31m-[0m[0m self             = false
              [31m-[0m[0m to_port          = 22
            },
        ] [90m-> null[0m[0m
      [31m-[0m[0m name                   = "mgmt-sg" [90m-> null[0m[0m
      [31m-[0m[0m owner_id               = "980833626314" [90m-> null[0m[0m
      [31m-[0m[0m revoke_rules_on_delete = false [90m-> null[0m[0m
      [31m-[0m[0m tags                   = {
          [31m-[0m[0m "Name" = "mgmt-sg"
        } [90m-> null[0m[0m
      [31m-[0m[0m tags_all               = {
          [31m-[0m[0m "Name" = "mgmt-sg"
        } [90m-> null[0m[0m
      [31m-[0m[0m vpc_id                 = "vpc-0f152a15d66a8b3cb" [90m-> null[0m[0m
        [90m# (1 unchanged attribute hidden)[0m[0m
    }

[1m  # aws_subnet.app[0][0m will be [1m[31mdestroyed[0m
[0m  [31m-[0m[0m resource "aws_subnet" "app" {
      [31m-[0m[0m arn                                            = "arn:aws:ec2:us-east-1:980833626314:subnet/subnet-01532d771600f03be" [90m-> null[0m[0m
      [31m-[0m[0m assign_ipv6_address_on_creation                = false [90m-> null[0m[0m
      [31m-[0m[0m availability_zone                              = "us-east-1a" [90m-> null[0m[0m
      [31m-[0m[0m availability_zone_id                           = "use1-az1" [90m-> null[0m[0m
      [31m-[0m[0m cidr_block                                     = "10.1.10.0/24" [90m-> null[0m[0m
      [31m-[0m[0m enable_dns64                                   = false [90m-> null[0m[0m
      [31m-[0m[0m enable_lni_at_device_index                     = 0 [90m-> null[0m[0m
      [31m-[0m[0m enable_resource_name_dns_a_record_on_launch    = false [90m-> null[0m[0m
      [31m-[0m[0m enable_resource_name_dns_aaaa_record_on_launch = false [90m-> null[0m[0m
      [31m-[0m[0m id                                             = "subnet-01532d771600f03be" [90m-> null[0m[0m
      [31m-[0m[0m ipv6_native                                    = false [90m-> null[0m[0m
      [31m-[0m[0m map_customer_owned_ip_on_launch                = false [90m-> null[0m[0m
      [31m-[0m[0m map_public_ip_on_launch                        = false [90m-> null[0m[0m
      [31m-[0m[0m owner_id                                       = "980833626314" [90m-> null[0m[0m
      [31m-[0m[0m private_dns_hostname_type_on_launch            = "ip-name" [90m-> null[0m[0m
      [31m-[0m[0m tags                                           = {
          [31m-[0m[0m "Name" = "app-subnet-0"
        } [90m-> null[0m[0m
      [31m-[0m[0m tags_all                                       = {
          [31m-[0m[0m "Name" = "app-subnet-0"
        } [90m-> null[0m[0m
      [31m-[0m[0m vpc_id                                         = "vpc-0f152a15d66a8b3cb" [90m-> null[0m[0m
        [90m# (4 unchanged attributes hidden)[0m[0m
    }

[1m  # aws_subnet.app[1][0m will be [1m[31mdestroyed[0m
[0m  [31m-[0m[0m resource "aws_subnet" "app" {
      [31m-[0m[0m arn                                            = "arn:aws:ec2:us-east-1:980833626314:subnet/subnet-001500d0d37118071" [90m-> null[0m[0m
      [31m-[0m[0m assign_ipv6_address_on_creation                = false [90m-> null[0m[0m
      [31m-[0m[0m availability_zone                              = "us-east-1b" [90m-> null[0m[0m
      [31m-[0m[0m availability_zone_id                           = "use1-az2" [90m-> null[0m[0m
      [31m-[0m[0m cidr_block                                     = "10.1.11.0/24" [90m-> null[0m[0m
      [31m-[0m[0m enable_dns64                                   = false [90m-> null[0m[0m
      [31m-[0m[0m enable_lni_at_device_index                     = 0 [90m-> null[0m[0m
      [31m-[0m[0m enable_resource_name_dns_a_record_on_launch    = false [90m-> null[0m[0m
      [31m-[0m[0m enable_resource_name_dns_aaaa_record_on_launch = false [90m-> null[0m[0m
      [31m-[0m[0m id                                             = "subnet-001500d0d37118071" [90m-> null[0m[0m
      [31m-[0m[0m ipv6_native                                    = false [90m-> null[0m[0m
      [31m-[0m[0m map_customer_owned_ip_on_launch                = false [90m-> null[0m[0m
      [31m-[0m[0m map_public_ip_on_launch                        = false [90m-> null[0m[0m
      [31m-[0m[0m owner_id                                       = "980833626314" [90m-> null[0m[0m
      [31m-[0m[0m private_dns_hostname_type_on_launch            = "ip-name" [90m-> null[0m[0m
      [31m-[0m[0m tags                                           = {
          [31m-[0m[0m "Name" = "app-subnet-1"
        } [90m-> null[0m[0m
      [31m-[0m[0m tags_all                                       = {
          [31m-[0m[0m "Name" = "app-subnet-1"
        } [90m-> null[0m[0m
      [31m-[0m[0m vpc_id                                         = "vpc-0f152a15d66a8b3cb" [90m-> null[0m[0m
        [90m# (4 unchanged attributes hidden)[0m[0m
    }

[1m  # aws_subnet.backend[0m will be [1m[31mdestroyed[0m
[0m  [31m-[0m[0m resource "aws_subnet" "backend" {
      [31m-[0m[0m arn                                            = "arn:aws:ec2:us-east-1:980833626314:subnet/subnet-018b1093943dfb22f" [90m-> null[0m[0m
      [31m-[0m[0m assign_ipv6_address_on_creation                = false [90m-> null[0m[0m
      [31m-[0m[0m availability_zone                              = "us-east-1b" [90m-> null[0m[0m
      [31m-[0m[0m availability_zone_id                           = "use1-az2" [90m-> null[0m[0m
      [31m-[0m[0m cidr_block                                     = "10.1.20.0/24" [90m-> null[0m[0m
      [31m-[0m[0m enable_dns64                                   = false [90m-> null[0m[0m
      [31m-[0m[0m enable_lni_at_device_index                     = 0 [90m-> null[0m[0m
      [31m-[0m[0m enable_resource_name_dns_a_record_on_launch    = false [90m-> null[0m[0m
      [31m-[0m[0m enable_resource_name_dns_aaaa_record_on_launch = false [90m-> null[0m[0m
      [31m-[0m[0m id                                             = "subnet-018b1093943dfb22f" [90m-> null[0m[0m
      [31m-[0m[0m ipv6_native                                    = false [90m-> null[0m[0m
      [31m-[0m[0m map_customer_owned_ip_on_launch                = false [90m-> null[0m[0m
      [31m-[0m[0m map_public_ip_on_launch                        = false [90m-> null[0m[0m
      [31m-[0m[0m owner_id                                       = "980833626314" [90m-> null[0m[0m
      [31m-[0m[0m private_dns_hostname_type_on_launch            = "ip-name" [90m-> null[0m[0m
      [31m-[0m[0m tags                                           = {
          [31m-[0m[0m "Name" = "backend-subnet"
        } [90m-> null[0m[0m
      [31m-[0m[0m tags_all                                       = {
          [31m-[0m[0m "Name" = "backend-subnet"
        } [90m-> null[0m[0m
      [31m-[0m[0m vpc_id                                         = "vpc-0f152a15d66a8b3cb" [90m-> null[0m[0m
        [90m# (4 unchanged attributes hidden)[0m[0m
    }

[1m  # aws_subnet.management[0][0m will be [1m[31mdestroyed[0m
[0m  [31m-[0m[0m resource "aws_subnet" "management" {
      [31m-[0m[0m arn                                            = "arn:aws:ec2:us-east-1:980833626314:subnet/subnet-0372982cd211fc966" [90m-> null[0m[0m
      [31m-[0m[0m assign_ipv6_address_on_creation                = false [90m-> null[0m[0m
      [31m-[0m[0m availability_zone                              = "us-east-1a" [90m-> null[0m[0m
      [31m-[0m[0m availability_zone_id                           = "use1-az1" [90m-> null[0m[0m
      [31m-[0m[0m cidr_block                                     = "10.1.1.0/24" [90m-> null[0m[0m
      [31m-[0m[0m enable_dns64                                   = false [90m-> null[0m[0m
      [31m-[0m[0m enable_lni_at_device_index                     = 0 [90m-> null[0m[0m
      [31m-[0m[0m enable_resource_name_dns_a_record_on_launch    = false [90m-> null[0m[0m
      [31m-[0m[0m enable_resource_name_dns_aaaa_record_on_launch = false [90m-> null[0m[0m
      [31m-[0m[0m id                                             = "subnet-0372982cd211fc966" [90m-> null[0m[0m
      [31m-[0m[0m ipv6_native                                    = false [90m-> null[0m[0m
      [31m-[0m[0m map_customer_owned_ip_on_launch                = false [90m-> null[0m[0m
      [31m-[0m[0m map_public_ip_on_launch                        = true [90m-> null[0m[0m
      [31m-[0m[0m owner_id                                       = "980833626314" [90m-> null[0m[0m
      [31m-[0m[0m private_dns_hostname_type_on_launch            = "ip-name" [90m-> null[0m[0m
      [31m-[0m[0m tags                                           = {
          [31m-[0m[0m "Name" = "management-subnet-0"
        } [90m-> null[0m[0m
      [31m-[0m[0m tags_all                                       = {
          [31m-[0m[0m "Name" = "management-subnet-0"
        } [90m-> null[0m[0m
      [31m-[0m[0m vpc_id                                         = "vpc-0f152a15d66a8b3cb" [90m-> null[0m[0m
        [90m# (4 unchanged attributes hidden)[0m[0m
    }

[1m  # aws_subnet.management[1][0m will be [1m[31mdestroyed[0m
[0m  [31m-[0m[0m resource "aws_subnet" "management" {
      [31m-[0m[0m arn                                            = "arn:aws:ec2:us-east-1:980833626314:subnet/subnet-0430d910e7cecdaac" [90m-> null[0m[0m
      [31m-[0m[0m assign_ipv6_address_on_creation                = false [90m-> null[0m[0m
      [31m-[0m[0m availability_zone                              = "us-east-1b" [90m-> null[0m[0m
      [31m-[0m[0m availability_zone_id                           = "use1-az2" [90m-> null[0m[0m
      [31m-[0m[0m cidr_block                                     = "10.1.2.0/24" [90m-> null[0m[0m
      [31m-[0m[0m enable_dns64                                   = false [90m-> null[0m[0m
      [31m-[0m[0m enable_lni_at_device_index                     = 0 [90m-> null[0m[0m
      [31m-[0m[0m enable_resource_name_dns_a_record_on_launch    = false [90m-> null[0m[0m
      [31m-[0m[0m enable_resource_name_dns_aaaa_record_on_launch = false [90m-> null[0m[0m
      [31m-[0m[0m id                                             = "subnet-0430d910e7cecdaac" [90m-> null[0m[0m
      [31m-[0m[0m ipv6_native                                    = false [90m-> null[0m[0m
      [31m-[0m[0m map_customer_owned_ip_on_launch                = false [90m-> null[0m[0m
      [31m-[0m[0m map_public_ip_on_launch                        = true [90m-> null[0m[0m
      [31m-[0m[0m owner_id                                       = "980833626314" [90m-> null[0m[0m
      [31m-[0m[0m private_dns_hostname_type_on_launch            = "ip-name" [90m-> null[0m[0m
      [31m-[0m[0m tags                                           = {
          [31m-[0m[0m "Name" = "management-subnet-1"
        } [90m-> null[0m[0m
      [31m-[0m[0m tags_all                                       = {
          [31m-[0m[0m "Name" = "management-subnet-1"
        } [90m-> null[0m[0m
      [31m-[0m[0m vpc_id                                         = "vpc-0f152a15d66a8b3cb" [90m-> null[0m[0m
        [90m# (4 unchanged attributes hidden)[0m[0m
    }

[1m  # aws_vpc.main[0m will be [1m[31mdestroyed[0m
[0m  [31m-[0m[0m resource "aws_vpc" "main" {
      [31m-[0m[0m arn                                  = "arn:aws:ec2:us-east-1:980833626314:vpc/vpc-0f152a15d66a8b3cb" [90m-> null[0m[0m
      [31m-[0m[0m assign_generated_ipv6_cidr_block     = false [90m-> null[0m[0m
      [31m-[0m[0m cidr_block                           = "10.1.0.0/16" [90m-> null[0m[0m
      [31m-[0m[0m default_network_acl_id               = "acl-073c60f7a7f865218" [90m-> null[0m[0m
      [31m-[0m[0m default_route_table_id               = "rtb-02c8a16943933df18" [90m-> null[0m[0m
      [31m-[0m[0m default_security_group_id            = "sg-0666a18c07e5f6f51" [90m-> null[0m[0m
      [31m-[0m[0m dhcp_options_id                      = "dopt-08ef18e23c74f36e8" [90m-> null[0m[0m
      [31m-[0m[0m enable_dns_hostnames                 = true [90m-> null[0m[0m
      [31m-[0m[0m enable_dns_support                   = true [90m-> null[0m[0m
      [31m-[0m[0m enable_network_address_usage_metrics = false [90m-> null[0m[0m
      [31m-[0m[0m id                                   = "vpc-0f152a15d66a8b3cb" [90m-> null[0m[0m
      [31m-[0m[0m instance_tenancy                     = "default" [90m-> null[0m[0m
      [31m-[0m[0m ipv6_netmask_length                  = 0 [90m-> null[0m[0m
      [31m-[0m[0m main_route_table_id                  = "rtb-02c8a16943933df18" [90m-> null[0m[0m
      [31m-[0m[0m owner_id                             = "980833626314" [90m-> null[0m[0m
      [31m-[0m[0m tags                                 = {
          [31m-[0m[0m "Name" = "coalfire-vpc"
        } [90m-> null[0m[0m
      [31m-[0m[0m tags_all                             = {
          [31m-[0m[0m "Name" = "coalfire-vpc"
        } [90m-> null[0m[0m
        [90m# (4 unchanged attributes hidden)[0m[0m
    }

[1m  # aws_vpc_endpoint.s3[0m will be [1m[31mdestroyed[0m
[0m  [31m-[0m[0m resource "aws_vpc_endpoint" "s3" {
      [31m-[0m[0m arn                        = "arn:aws:ec2:us-east-1:980833626314:vpc-endpoint/vpce-089f1f349755915be" [90m-> null[0m[0m
      [31m-[0m[0m cidr_blocks                = [
          [31m-[0m[0m "16.15.176.0/20",
          [31m-[0m[0m "16.182.0.0/16",
          [31m-[0m[0m "18.34.0.0/19",
          [31m-[0m[0m "52.216.0.0/15",
          [31m-[0m[0m "54.231.0.0/16",
          [31m-[0m[0m "3.5.0.0/19",
          [31m-[0m[0m "18.34.232.0/21",
          [31m-[0m[0m "16.15.192.0/18",
        ] [90m-> null[0m[0m
      [31m-[0m[0m dns_entry                  = [] [90m-> null[0m[0m
      [31m-[0m[0m id                         = "vpce-089f1f349755915be" [90m-> null[0m[0m
      [31m-[0m[0m network_interface_ids      = [] [90m-> null[0m[0m
      [31m-[0m[0m owner_id                   = "980833626314" [90m-> null[0m[0m
      [31m-[0m[0m policy                     = jsonencode(
            {
              [31m-[0m[0m Statement = [
                  [31m-[0m[0m {
                      [31m-[0m[0m Action    = "*"
                      [31m-[0m[0m Effect    = "Allow"
                      [31m-[0m[0m Principal = "*"
                      [31m-[0m[0m Resource  = "*"
                    },
                ]
              [31m-[0m[0m Version   = "2008-10-17"
            }
        ) [90m-> null[0m[0m
      [31m-[0m[0m prefix_list_id             = "pl-63a5400a" [90m-> null[0m[0m
      [31m-[0m[0m private_dns_enabled        = false [90m-> null[0m[0m
      [31m-[0m[0m requester_managed          = false [90m-> null[0m[0m
      [31m-[0m[0m route_table_ids            = [
          [31m-[0m[0m "rtb-09fe0abd1d7cbc4f7",
        ] [90m-> null[0m[0m
      [31m-[0m[0m security_group_ids         = [] [90m-> null[0m[0m
      [31m-[0m[0m service_name               = "com.amazonaws.us-east-1.s3" [90m-> null[0m[0m
      [31m-[0m[0m service_region             = "us-east-1" [90m-> null[0m[0m
      [31m-[0m[0m state                      = "available" [90m-> null[0m[0m
      [31m-[0m[0m subnet_ids                 = [] [90m-> null[0m[0m
      [31m-[0m[0m tags                       = {
          [31m-[0m[0m "Name" = "s3-endpoint"
        } [90m-> null[0m[0m
      [31m-[0m[0m tags_all                   = {
          [31m-[0m[0m "Name" = "s3-endpoint"
        } [90m-> null[0m[0m
      [31m-[0m[0m vpc_endpoint_type          = "Gateway" [90m-> null[0m[0m
      [31m-[0m[0m vpc_id                     = "vpc-0f152a15d66a8b3cb" [90m-> null[0m[0m
        [90m# (3 unchanged attributes hidden)[0m[0m
    }

[1m  # module.management_ec2.aws_instance.this[0][0m will be [1m[31mdestroyed[0m
[0m  [31m-[0m[0m resource "aws_instance" "this" {
      [31m-[0m[0m ami                                  = "ami-0254b2d5c4c472488" [90m-> null[0m[0m
      [31m-[0m[0m arn                                  = "arn:aws:ec2:us-east-1:980833626314:instance/i-07db8cd0daa40ffc3" [90m-> null[0m[0m
      [31m-[0m[0m associate_public_ip_address          = true [90m-> null[0m[0m
      [31m-[0m[0m availability_zone                    = "us-east-1a" [90m-> null[0m[0m
      [31m-[0m[0m cpu_core_count                       = 1 [90m-> null[0m[0m
      [31m-[0m[0m cpu_threads_per_core                 = 2 [90m-> null[0m[0m
      [31m-[0m[0m disable_api_stop                     = false [90m-> null[0m[0m
      [31m-[0m[0m disable_api_termination              = false [90m-> null[0m[0m
      [31m-[0m[0m ebs_optimized                        = true [90m-> null[0m[0m
      [31m-[0m[0m get_password_data                    = false [90m-> null[0m[0m
      [31m-[0m[0m hibernation                          = false [90m-> null[0m[0m
      [31m-[0m[0m id                                   = "i-07db8cd0daa40ffc3" [90m-> null[0m[0m
      [31m-[0m[0m instance_initiated_shutdown_behavior = "stop" [90m-> null[0m[0m
      [31m-[0m[0m instance_state                       = "running" [90m-> null[0m[0m
      [31m-[0m[0m instance_type                        = "t3.micro" [90m-> null[0m[0m
      [31m-[0m[0m ipv6_address_count                   = 0 [90m-> null[0m[0m
      [31m-[0m[0m ipv6_addresses                       = [] [90m-> null[0m[0m
      [31m-[0m[0m key_name                             = "management-key" [90m-> null[0m[0m
      [31m-[0m[0m monitoring                           = true [90m-> null[0m[0m
      [31m-[0m[0m placement_partition_number           = 0 [90m-> null[0m[0m
      [31m-[0m[0m primary_network_interface_id         = "eni-00c6b5d4f580a14f8" [90m-> null[0m[0m
      [31m-[0m[0m private_dns                          = "ip-10-1-1-128.ec2.internal" [90m-> null[0m[0m
      [31m-[0m[0m private_ip                           = "10.1.1.128" [90m-> null[0m[0m
      [31m-[0m[0m public_dns                           = "ec2-107-23-70-67.compute-1.amazonaws.com" [90m-> null[0m[0m
      [31m-[0m[0m public_ip                            = "107.23.70.67" [90m-> null[0m[0m
      [31m-[0m[0m secondary_private_ips                = [] [90m-> null[0m[0m
      [31m-[0m[0m security_groups                      = [] [90m-> null[0m[0m
      [31m-[0m[0m source_dest_check                    = true [90m-> null[0m[0m
      [31m-[0m[0m subnet_id                            = "subnet-0372982cd211fc966" [90m-> null[0m[0m
      [31m-[0m[0m tags                                 = {
          [31m-[0m[0m "CNAME"      = "management-instance"
          [31m-[0m[0m "Name"       = "management-instance"
          [31m-[0m[0m "PatchGroup" = "1"
          [31m-[0m[0m "Role"       = "management"
          [31m-[0m[0m "name"       = "management-instance"
        } [90m-> null[0m[0m
      [31m-[0m[0m tags_all                             = {
          [31m-[0m[0m "CNAME"      = "management-instance"
          [31m-[0m[0m "Name"       = "management-instance"
          [31m-[0m[0m "PatchGroup" = "1"
          [31m-[0m[0m "Role"       = "management"
          [31m-[0m[0m "name"       = "management-instance"
        } [90m-> null[0m[0m
      [31m-[0m[0m tenancy                              = "default" [90m-> null[0m[0m
      [31m-[0m[0m user_data_replace_on_change          = false [90m-> null[0m[0m
      [31m-[0m[0m volume_tags                          = {
          [31m-[0m[0m "Name" = "management-instance"
          [31m-[0m[0m "Role" = "management"
          [31m-[0m[0m "name" = "management-instance"
        } [90m-> null[0m[0m
      [31m-[0m[0m vpc_security_group_ids               = [
          [31m-[0m[0m "sg-01ca1eb211d62e0de",
          [31m-[0m[0m "sg-09e7cf0c7b6b6eaa7",
        ] [90m-> null[0m[0m
        [90m# (7 unchanged attributes hidden)[0m[0m

      [31m-[0m[0m capacity_reservation_specification {
          [31m-[0m[0m capacity_reservation_preference = "open" [90m-> null[0m[0m
        }

      [31m-[0m[0m cpu_options {
          [31m-[0m[0m core_count       = 1 [90m-> null[0m[0m
          [31m-[0m[0m threads_per_core = 2 [90m-> null[0m[0m
            [90m# (1 unchanged attribute hidden)[0m[0m
        }

      [31m-[0m[0m credit_specification {
          [31m-[0m[0m cpu_credits = "unlimited" [90m-> null[0m[0m
        }

      [31m-[0m[0m enclave_options {
          [31m-[0m[0m enabled = false [90m-> null[0m[0m
        }

      [31m-[0m[0m maintenance_options {
          [31m-[0m[0m auto_recovery = "default" [90m-> null[0m[0m
        }

      [31m-[0m[0m metadata_options {
          [31m-[0m[0m http_endpoint               = "enabled" [90m-> null[0m[0m
          [31m-[0m[0m http_protocol_ipv6          = "disabled" [90m-> null[0m[0m
          [31m-[0m[0m http_put_response_hop_limit = 1 [90m-> null[0m[0m
          [31m-[0m[0m http_tokens                 = "required" [90m-> null[0m[0m
          [31m-[0m[0m instance_metadata_tags      = "enabled" [90m-> null[0m[0m
        }

      [31m-[0m[0m private_dns_name_options {
          [31m-[0m[0m enable_resource_name_dns_a_record    = false [90m-> null[0m[0m
          [31m-[0m[0m enable_resource_name_dns_aaaa_record = false [90m-> null[0m[0m
          [31m-[0m[0m hostname_type                        = "ip-name" [90m-> null[0m[0m
        }

      [31m-[0m[0m root_block_device {
          [31m-[0m[0m delete_on_termination = true [90m-> null[0m[0m
          [31m-[0m[0m device_name           = "/dev/xvda" [90m-> null[0m[0m
          [31m-[0m[0m encrypted             = true [90m-> null[0m[0m
          [31m-[0m[0m iops                  = 3000 [90m-> null[0m[0m
          [31m-[0m[0m kms_key_id            = "arn:aws:kms:us-east-1:980833626314:key/fd32d304-e84a-4e15-892a-dd272913fd3d" [90m-> null[0m[0m
          [31m-[0m[0m tags                  = {} [90m-> null[0m[0m
          [31m-[0m[0m tags_all              = {} [90m-> null[0m[0m
          [31m-[0m[0m throughput            = 125 [90m-> null[0m[0m
          [31m-[0m[0m volume_id             = "vol-0a3e75ac3a691c7c9" [90m-> null[0m[0m
          [31m-[0m[0m volume_size           = 10 [90m-> null[0m[0m
          [31m-[0m[0m volume_type           = "gp3" [90m-> null[0m[0m
        }
    }

[1m  # module.management_ec2.module.security_group[0].aws_security_group.this[0m will be [1m[31mdestroyed[0m
[0m  [31m-[0m[0m resource "aws_security_group" "this" {
      [31m-[0m[0m arn                    = "arn:aws:ec2:us-east-1:980833626314:security-group/sg-01ca1eb211d62e0de" [90m-> null[0m[0m
      [31m-[0m[0m description            = "Managed by Terraform" [90m-> null[0m[0m
      [31m-[0m[0m egress                 = [] [90m-> null[0m[0m
      [31m-[0m[0m id                     = "sg-01ca1eb211d62e0de" [90m-> null[0m[0m
      [31m-[0m[0m ingress                = [] [90m-> null[0m[0m
      [31m-[0m[0m name                   = "management-instance-sg" [90m-> null[0m[0m
      [31m-[0m[0m owner_id               = "980833626314" [90m-> null[0m[0m
      [31m-[0m[0m revoke_rules_on_delete = false [90m-> null[0m[0m
      [31m-[0m[0m tags                   = {} [90m-> null[0m[0m
      [31m-[0m[0m tags_all               = {} [90m-> null[0m[0m
      [31m-[0m[0m vpc_id                 = "vpc-0f152a15d66a8b3cb" [90m-> null[0m[0m
        [90m# (1 unchanged attribute hidden)[0m[0m
    }

[1mPlan:[0m 0 to add, 0 to change, 27 to destroy.
[0m
Changes to Outputs:
  [31m-[0m[0m alb_dns_name         = "app-alb-2020208952.us-east-1.elb.amazonaws.com" [90m-> null[0m[0m
  [31m-[0m[0m app_subnet_ids       = [
      [31m-[0m[0m "subnet-01532d771600f03be",
      [31m-[0m[0m "subnet-001500d0d37118071",
    ] [90m-> null[0m[0m
  [31m-[0m[0m backend_subnet_ids   = "subnet-018b1093943dfb22f" [90m-> null[0m[0m
  [31m-[0m[0m management_subnet_id = [
      [31m-[0m[0m "subnet-0372982cd211fc966",
      [31m-[0m[0m "subnet-0430d910e7cecdaac",
    ] [90m-> null[0m[0m
  [31m-[0m[0m vpc_id               = "vpc-0f152a15d66a8b3cb" [90m-> null[0m[0m
[0m[1maws_route_table_association.private["1"]: Destroying... [id=rtbassoc-09239ec5e75f5f51f][0m[0m
[0m[1maws_subnet.backend: Destroying... [id=subnet-018b1093943dfb22f][0m[0m
[0m[1maws_route_table_association.mgmt_assoc["0"]: Destroying... [id=rtbassoc-0b0f8431a116bd453][0m[0m
[0m[1maws_nat_gateway.nat: Destroying... [id=nat-0dd2e546ab4c94cef][0m[0m
[0m[1maws_vpc_endpoint.s3: Destroying... [id=vpce-089f1f349755915be][0m[0m
[0m[1maws_lb_listener.http: Destroying... [id=arn:aws:elasticloadbalancing:us-east-1:980833626314:listener/app/app-alb/698d514dff10a48e/0a34daf86d87e39c][0m[0m
[0m[1maws_route_table_association.private["0"]: Destroying... [id=rtbassoc-03ea7ac7c7c406804][0m[0m
[0m[1maws_route_table_association.mgmt_assoc["1"]: Destroying... [id=rtbassoc-0efb5d11d4b0a35c1][0m[0m
[0m[1maws_autoscaling_group.app_asg: Destroying... [id=app-asg][0m[0m
[0m[1mmodule.management_ec2.aws_instance.this[0]: Destroying... [id=i-07db8cd0daa40ffc3][0m[0m
[0m[1maws_lb_listener.http: Destruction complete after 0s[0m
[0m[1maws_lb.app_alb: Destroying... [id=arn:aws:elasticloadbalancing:us-east-1:980833626314:loadbalancer/app/app-alb/698d514dff10a48e][0m[0m
[0m[1maws_route_table_association.mgmt_assoc["1"]: Destruction complete after 0s[0m
[0m[1maws_route_table_association.private["1"]: Destruction complete after 0s[0m
[0m[1maws_route_table_association.private["0"]: Destruction complete after 0s[0m
[0m[1maws_route_table_association.mgmt_assoc["0"]: Destruction complete after 0s[0m
[0m[1maws_route_table.public: Destroying... [id=rtb-0a2ed8327137f4500][0m[0m
[0m[1maws_subnet.backend: Destruction complete after 0s[0m
[0m[1maws_route_table.public: Destruction complete after 1s[0m
[0m[1maws_vpc_endpoint.s3: Destruction complete after 5s[0m
[0m[1maws_route_table.private: Destroying... [id=rtb-09fe0abd1d7cbc4f7][0m[0m
[0m[1maws_route_table.private: Destruction complete after 1s[0m
[0m[1maws_nat_gateway.nat: Still destroying... [id=nat-0dd2e546ab4c94cef, 00m10s elapsed][0m[0m
[0m[1maws_autoscaling_group.app_asg: Still destroying... [id=app-asg, 00m10s elapsed][0m[0m
[0m[1mmodule.management_ec2.aws_instance.this[0]: Still destroying... [id=i-07db8cd0daa40ffc3, 00m10s elapsed][0m[0m
[0m[1maws_lb.app_alb: Still destroying... [id=arn:aws:elasticloadbalancing:us-east-1:...dbalancer/app/app-alb/698d514dff10a48e, 00m10s elapsed][0m[0m
[0m[1maws_nat_gateway.nat: Still destroying... [id=nat-0dd2e546ab4c94cef, 00m20s elapsed][0m[0m
[0m[1maws_autoscaling_group.app_asg: Still destroying... [id=app-asg, 00m20s elapsed][0m[0m
[0m[1mmodule.management_ec2.aws_instance.this[0]: Still destroying... [id=i-07db8cd0daa40ffc3, 00m20s elapsed][0m[0m
[0m[1maws_lb.app_alb: Still destroying... [id=arn:aws:elasticloadbalancing:us-east-1:...dbalancer/app/app-alb/698d514dff10a48e, 00m20s elapsed][0m[0m
[0m[1maws_lb.app_alb: Destruction complete after 27s[0m
[0m[1maws_nat_gateway.nat: Still destroying... [id=nat-0dd2e546ab4c94cef, 00m30s elapsed][0m[0m
[0m[1maws_autoscaling_group.app_asg: Still destroying... [id=app-asg, 00m30s elapsed][0m[0m
[0m[1mmodule.management_ec2.aws_instance.this[0]: Still destroying... [id=i-07db8cd0daa40ffc3, 00m30s elapsed][0m[0m
[0m[1maws_nat_gateway.nat: Still destroying... [id=nat-0dd2e546ab4c94cef, 00m40s elapsed][0m[0m
[0m[1maws_autoscaling_group.app_asg: Still destroying... [id=app-asg, 00m40s elapsed][0m[0m
[0m[1mmodule.management_ec2.aws_instance.this[0]: Still destroying... [id=i-07db8cd0daa40ffc3, 00m40s elapsed][0m[0m
[0m[1maws_nat_gateway.nat: Still destroying... [id=nat-0dd2e546ab4c94cef, 00m50s elapsed][0m[0m
[0m[1maws_autoscaling_group.app_asg: Still destroying... [id=app-asg, 00m50s elapsed][0m[0m
[0m[1mmodule.management_ec2.aws_instance.this[0]: Still destroying... [id=i-07db8cd0daa40ffc3, 00m50s elapsed][0m[0m
[0m[1maws_nat_gateway.nat: Destruction complete after 50s[0m
[0m[1maws_internet_gateway.igw: Destroying... [id=igw-0a10d6b13170e2064][0m[0m
[0m[1maws_eip.nat: Destroying... [id=eipalloc-01940ea77b347c407][0m[0m
[0m[1mmodule.management_ec2.aws_instance.this[0]: Destruction complete after 50s[0m
[0m[1mmodule.management_ec2.module.security_group[0].aws_security_group.this: Destroying... [id=sg-01ca1eb211d62e0de][0m[0m
[0m[1maws_subnet.management[1]: Destroying... [id=subnet-0430d910e7cecdaac][0m[0m
[0m[1maws_subnet.management[0]: Destroying... [id=subnet-0372982cd211fc966][0m[0m
[0m[1maws_internet_gateway.igw: Destruction complete after 1s[0m
[0m[1maws_subnet.management[0]: Destruction complete after 1s[0m
[0m[1maws_subnet.management[1]: Destruction complete after 1s[0m
[0m[1mmodule.management_ec2.module.security_group[0].aws_security_group.this: Destruction complete after 1s[0m
[0m[1maws_eip.nat: Destruction complete after 1s[0m
[0m[1maws_autoscaling_group.app_asg: Still destroying... [id=app-asg, 01m00s elapsed][0m[0m
[0m[1maws_autoscaling_group.app_asg: Still destroying... [id=app-asg, 01m10s elapsed][0m[0m
[0m[1maws_autoscaling_group.app_asg: Still destroying... [id=app-asg, 01m20s elapsed][0m[0m
[0m[1maws_autoscaling_group.app_asg: Still destroying... [id=app-asg, 01m30s elapsed][0m[0m
[0m[1maws_autoscaling_group.app_asg: Still destroying... [id=app-asg, 01m40s elapsed][0m[0m
[0m[1maws_autoscaling_group.app_asg: Still destroying... [id=app-asg, 01m50s elapsed][0m[0m
[0m[1maws_autoscaling_group.app_asg: Still destroying... [id=app-asg, 02m00s elapsed][0m[0m
[0m[1maws_autoscaling_group.app_asg: Still destroying... [id=app-asg, 02m10s elapsed][0m[0m
[0m[1maws_autoscaling_group.app_asg: Still destroying... [id=app-asg, 02m20s elapsed][0m[0m
[0m[1maws_autoscaling_group.app_asg: Still destroying... [id=app-asg, 02m30s elapsed][0m[0m
[0m[1maws_autoscaling_group.app_asg: Still destroying... [id=app-asg, 02m40s elapsed][0m[0m
[0m[1maws_autoscaling_group.app_asg: Still destroying... [id=app-asg, 02m50s elapsed][0m[0m
[0m[1maws_autoscaling_group.app_asg: Still destroying... [id=app-asg, 03m00s elapsed][0m[0m
[0m[1maws_autoscaling_group.app_asg: Still destroying... [id=app-asg, 03m10s elapsed][0m[0m
[0m[1maws_autoscaling_group.app_asg: Still destroying... [id=app-asg, 03m20s elapsed][0m[0m
[0m[1maws_autoscaling_group.app_asg: Still destroying... [id=app-asg, 03m30s elapsed][0m[0m
[0m[1maws_autoscaling_group.app_asg: Still destroying... [id=app-asg, 03m40s elapsed][0m[0m
[0m[1maws_autoscaling_group.app_asg: Still destroying... [id=app-asg, 03m50s elapsed][0m[0m
[0m[1maws_autoscaling_group.app_asg: Still destroying... [id=app-asg, 04m00s elapsed][0m[0m
[0m[1maws_autoscaling_group.app_asg: Still destroying... [id=app-asg, 04m10s elapsed][0m[0m
[0m[1maws_autoscaling_group.app_asg: Still destroying... [id=app-asg, 04m20s elapsed][0m[0m
[0m[1maws_autoscaling_group.app_asg: Still destroying... [id=app-asg, 04m30s elapsed][0m[0m
[0m[1maws_autoscaling_group.app_asg: Still destroying... [id=app-asg, 04m40s elapsed][0m[0m
[0m[1maws_autoscaling_group.app_asg: Still destroying... [id=app-asg, 04m50s elapsed][0m[0m
[0m[1maws_autoscaling_group.app_asg: Still destroying... [id=app-asg, 05m00s elapsed][0m[0m
[0m[1maws_autoscaling_group.app_asg: Still destroying... [id=app-asg, 05m10s elapsed][0m[0m
[0m[1maws_autoscaling_group.app_asg: Still destroying... [id=app-asg, 05m20s elapsed][0m[0m
[0m[1maws_autoscaling_group.app_asg: Still destroying... [id=app-asg, 05m30s elapsed][0m[0m
[0m[1maws_autoscaling_group.app_asg: Still destroying... [id=app-asg, 05m40s elapsed][0m[0m
[0m[1maws_autoscaling_group.app_asg: Still destroying... [id=app-asg, 05m50s elapsed][0m[0m
[0m[1maws_autoscaling_group.app_asg: Still destroying... [id=app-asg, 06m00s elapsed][0m[0m
[0m[1maws_autoscaling_group.app_asg: Still destroying... [id=app-asg, 06m10s elapsed][0m[0m
[0m[1maws_autoscaling_group.app_asg: Still destroying... [id=app-asg, 06m20s elapsed][0m[0m
[0m[1maws_autoscaling_group.app_asg: Still destroying... [id=app-asg, 06m30s elapsed][0m[0m
[0m[1maws_autoscaling_group.app_asg: Destruction complete after 6m30s[0m
[0m[1maws_subnet.app[1]: Destroying... [id=subnet-001500d0d37118071][0m[0m
[0m[1maws_subnet.app[0]: Destroying... [id=subnet-01532d771600f03be][0m[0m
[0m[1maws_lb_target_group.app_tg: Destroying... [id=arn:aws:elasticloadbalancing:us-east-1:980833626314:targetgroup/app-tg/69a3eb344cd06ed1][0m[0m
[0m[1maws_launch_template.app_lt: Destroying... [id=lt-0d30fd6c89b01416c][0m[0m
[0m[1maws_lb_target_group.app_tg: Destruction complete after 1s[0m
[0m[1maws_launch_template.app_lt: Destruction complete after 1s[0m
[0m[1maws_key_pair.management: Destroying... [id=management-key][0m[0m
[0m[1maws_security_group.app_sg: Destroying... [id=sg-09560f70abfae0311][0m[0m
[0m[1maws_key_pair.management: Destruction complete after 0s[0m
[0m[1maws_subnet.app[0]: Destruction complete after 1s[0m
[0m[1maws_subnet.app[1]: Destruction complete after 1s[0m
[0m[1maws_security_group.app_sg: Destruction complete after 1s[0m
[0m[1maws_security_group.alb_sg: Destroying... [id=sg-05305213b02905a77][0m[0m
[0m[1maws_security_group.mgmt_sg: Destroying... [id=sg-09e7cf0c7b6b6eaa7][0m[0m
[0m[1maws_security_group.alb_sg: Destruction complete after 0s[0m
[0m[1maws_security_group.mgmt_sg: Destruction complete after 0s[0m
[0m[1maws_vpc.main: Destroying... [id=vpc-0f152a15d66a8b3cb][0m[0m
[0m[1maws_vpc.main: Destruction complete after 1s[0m
[0m[1m[32m
Destroy complete! Resources: 27 destroyed.
[0m

Measure-Command {terraform destroy -auto-approve | Out-File -FilePath "destroy.log" -Encoding utf8}


Days              : 0
Hours             : 0
Minutes           : 6
Seconds           : 41
Milliseconds      : 438
Ticks             : 4014384869
TotalDays         : 0.00464627878356481
TotalHours        : 0.111510690805556
TotalMinutes      : 6.69064144833333
TotalSeconds      : 401.4384869
TotalMilliseconds : 401438.4869